[1mtrue.[0m

2 ?- ['motion.pro'],['sampleImagesGoals.pro'].
[32m% motion.pro compiled 0.00 sec, 38 clauses
[0m[32m% sampleImagesGoals.pro compiled 0.00 sec, 14 clauses
[0m[1mtrue.[0m

4 ?- goal1Sample(Moti,Motj).
000000000
088800000
088800000
088800000
000000000
000000000
000000000
000000000
000000000
000000000
000000000
000000000
000000000
000000000
000000000
000000000
000008880
000008880
000008880
000000000
Moti = 5,
Motj = 4.

5 ?- goal2Sample(Moti,Motj).
000000000
000000000
000000000
000000000
000000000
000000000
000000000
000000000
000000000
000000000
000000000
000000000
000000000
000000000
000000000
000000000
000000000
000000000
000000000
000000000




***** No Motion in This Case *****



[1mtrue.[0m

6 ?-  goal3Sample(Moti,Motj).
00000000
00000000
00000000
00000000
00000040
00000444
00000040
00000000
00040000
00444000
00040000
00000000
00000000
00000000
Moti = Motj, Motj = -3.

7 ?- goal4Sample(Moti,Motj).
0000000000
0009000000
0099000000
0999000000
9999000000
0000000000
0000000000
0000000000
0000000000
0000000000
0000000000
0000000000
0000000000
0000000000
0000000000
0000000000
0000000000
0000000090
0000000990
0000009990
0000099990
0000000000
Moti = Motj, Motj = 5.

8 ?- goal5Sample(Moti,Motj).
0000000000
0000000000
0000000000
0000000000
0000000000
0000000000
0000000090
0000000990
0000009990
0000099990
0000000000
0000000000
0009000000
0099000000
0999000000
9999000000
0000000000
0000000000
0000000000
0000000000
0000000000
0000000000
Moti = Motj, Motj = -5.

9 ?- image(i1Cross,I1),image(i2Cross,I2),isDiff(I1,I2).
I1 = [[2, 2, 2, 2, 2, 2, 2, 2], [2, 2, 2, 2, 2, 2, 2|...], [2, 2, 2, 2, 2, 2|...], [2, 2, 2, 2, 2|...], [2, 2, 2, 2|...], [2, 2, 2|...], [2, 2|...]],
I2 = [[2, 2, 2, 2, 2, 2, 2, 2], [2, 2, 2, 4, 2, 2, 2|...], [2, 2, 4, 4, 4, 2|...], [2, 2, 2, 4, 2|...], [2, 2, 2, 2|...], [2, 2, 2|...], [2, 2|...]].

10 ?- image(i1Cross,I1),image(i2Cross,I2),diffIm(I1,I2,Diff),printImage(Diff).
00000000
00020000
00222000
00020000
000000-20
00000-2-2-2
000000-20
I1 = [[2, 2, 2, 2, 2, 2, 2, 2], [2, 2, 2, 2, 2, 2, 2|...], [2, 2, 2, 2, 2, 2|...], [2, 2, 2, 2, 2|...], [2, 2, 2, 2|...], [2, 2, 2|...], [2, 2|...]],
I2 = [[2, 2, 2, 2, 2, 2, 2, 2], [2, 2, 2, 4, 2, 2, 2|...], [2, 2, 4, 4, 4, 2|...], [2, 2, 2, 4, 2|...], [2, 2, 2, 2|...], [2, 2, 2|...], [2, 2|...]],
Diff = [[0, 0, 0, 0, 0, 0, 0, 0], [0, 0, 0, 2, 0, 0, 0|...], [0, 0, 2, 2, 2, 0|...], [0, 0, 0, 2, 0|...], [0, 0, 0, 0|...], [0, 0, 0|...], [0, 0|...]].

11 ?- image(i1Cross,I1),image(i2Cross,I2),diffIm(I1,I2,Diff),mask(I1,I2,Diff,I1masked,I2masked),printImage(I1masked),printImage(I2masked).
00000000
00000000
00000000
00000000
00000040
00000444
00000040
00000000
00040000
00444000
00040000
00000000
00000000
00000000
I1 = [[2, 2, 2, 2, 2, 2, 2, 2], [2, 2, 2, 2, 2, 2, 2|...], [2, 2, 2, 2, 2, 2|...], [2, 2, 2, 2, 2|...], [2, 2, 2, 2|...], [2, 2, 2|...], [2, 2|...]],
I2 = [[2, 2, 2, 2, 2, 2, 2, 2], [2, 2, 2, 4, 2, 2, 2|...], [2, 2, 4, 4, 4, 2|...], [2, 2, 2, 4, 2|...], [2, 2, 2, 2|...], [2, 2, 2|...], [2, 2|...]],
Diff = [[0, 0, 0, 0, 0, 0, 0, 0], [0, 0, 0, 2, 0, 0, 0|...], [0, 0, 2, 2, 2, 0|...], [0, 0, 0, 2, 0|...], [0, 0, 0, 0|...], [0, 0, 0|...], [0, 0|...]],
I1masked = [[0, 0, 0, 0, 0, 0, 0, 0], [0, 0, 0, 0, 0, 0, 0|...], [0, 0, 0, 0, 0, 0|...], [0, 0, 0, 0, 0|...], [0, 0, 0, 0|...], [0, 0, 0|...], [0, 0|...]],
I2masked = [[0, 0, 0, 0, 0, 0, 0, 0], [0, 0, 0, 4, 0, 0, 0|...], [0, 0, 4, 4, 4, 0|...], [0, 0, 0, 4, 0|...], [0, 0, 0, 0|...], [0, 0, 0|...], [0, 0|...]].

12 ?- image(i1Tri,I1),image(i2Tri,I2),diffIm(I1,I2,Diff),mask(I1,I2,Diff,I1masked,I2masked),printImage(I1masked),printImage(I2masked).
0000000000
0009000000
0099000000
0999000000
9999000000
0000000000
0000000000
0000000000
0000000000
0000000000
0000000000
0000000000
0000000000
0000000000
0000000000
0000000000
0000000000
0000000090
0000000990
0000009990
0000099990
0000000000
I1 = [[5, 5, 5, 5, 5, 5, 5, 5|...], [5, 5, 5, 9, 5, 5, 5|...], [5, 5, 9, 9, 5, 5|...], [5, 9, 9, 9, 5|...], [9, 9, 9, 9|...], [5, 5, 5|...], [5, 5|...], [5|...], [...|...]|...],
I2 = [[5, 5, 5, 5, 5, 5, 5, 5|...], [5, 5, 5, 5, 5, 5, 5|...], [5, 5, 5, 5, 5, 5|...], [5, 5, 5, 5, 5|...], [5, 5, 5, 5|...], [5, 5, 5|...], [5, 5|...], [5|...], [...|...]|...],
Diff = [[0, 0, 0, 0, 0, 0, 0, 0|...], [0, 0, 0, -4, 0, 0, 0|...], [0, 0, -4, -4, 0, 0|...], [0, -4, -4, -4, 0|...], [-4, -4, -4, -4|...], [0, 0, 0|...], [0, 0|...], [0|...], [...|...]|...],
I1masked = [[0, 0, 0, 0, 0, 0, 0, 0|...], [0, 0, 0, 9, 0, 0, 0|...], [0, 0, 9, 9, 0, 0|...], [0, 9, 9, 9, 0|...], [9, 9, 9, 9|...], [0, 0, 0|...], [0, 0|...], [0|...], [...|...]|...],
I2masked = [[0, 0, 0, 0, 0, 0, 0, 0|...], [0, 0, 0, 0, 0, 0, 0|...], [0, 0, 0, 0, 0, 0|...], [0, 0, 0, 0, 0|...], [0, 0, 0, 0|...], [0, 0, 0|...], [0, 0|...], [0|...], [...|...]|...].

13 ?- diffEl(2,2,Who).
Who = 0.

14 ?- diffEl(2,10,Who).
Who = 8.

15 ?- diffRow([1,2,3,4,5],[6,7,8,9,10],Who).
Who = [5, 5, 5, 5, 5].

16 ?- diffRow([1,1,1,1,1],[2,2,2,2,2],Who).
Who = [1, 1, 1, 1, 1].

17 ?- diffIm([[1,1,1],[2,2,2],[3,3,3]],[[2,2,2],[3,3,3],[4,4,4]],Who).
Who = [[1, 1, 1], [1, 1, 1], [1, 1, 1]].

18 ?- diffIm([[0,0,0],[2,2,2],[0,0,0]],[[2,2,2],[0,0,0],[4,4,4]],Who).
Who = [[2, 2, 2], [-2, -2, -2], [4, 4, 4]].

19 ?- printI([[0,0,0],[2,2,2],[0,0,1]]).
Correct to: "print([[0,0,0],[2,2,2],[0,0,1]])"? 
Please answer 'y' or 'n'? yyes
[[0,0,0],[2,2,2],[0,0,1]]
[1mtrue.[0m

20 ?- 
|    printImage([[0,0,0],[2,2,2],[0,0,1]]).
000
222
001
[1mtrue.[0m

21 ?- image(i1Sample,What),printImage(What).
222222222
288822222
288822222
288822222
222222222
222222222
222222222
222222222
222222222
222222222
What = [[2, 2, 2, 2, 2, 2, 2, 2|...], [2, 8, 8, 8, 2, 2, 2|...], [2, 8, 8, 8, 2, 2|...], [2, 8, 8, 8, 2|...], [2, 2, 2, 2|...], [2, 2, 2|...], [2, 2|...], [2|...], [...|...]|...].

22 ?- image(i1Sample,R1),image(i2Sample,R2),diffIm(R1,R2,Diff),printImage(Diff).
000000000
0-6-6-600000
0-6-6-600000
0-6-6-600000
000000000
000000000
000006660
000006660
000006660
000000000
R1 = [[2, 2, 2, 2, 2, 2, 2, 2|...], [2, 8, 8, 8, 2, 2, 2|...], [2, 8, 8, 8, 2, 2|...], [2, 8, 8, 8, 2|...], [2, 2, 2, 2|...], [2, 2, 2|...], [2, 2|...], [2|...], [...|...]|...],
R2 = [[2, 2, 2, 2, 2, 2, 2, 2|...], [2, 2, 2, 2, 2, 2, 2|...], [2, 2, 2, 2, 2, 2|...], [2, 2, 2, 2, 2|...], [2, 2, 2, 2|...], [2, 2, 2|...], [2, 2|...], [2|...], [...|...]|...],
Diff = [[0, 0, 0, 0, 0, 0, 0, 0|...], [0, -6, -6, -6, 0, 0, 0|...], [0, -6, -6, -6, 0, 0|...], [0, -6, -6, -6, 0|...], [0, 0, 0, 0|...], [0, 0, 0|...], [0, 0|...], [0|...], [...|...]|...].

23 ?- image(i1Sample,R1),image(i1Sample,R2),isDiff(R1,R2).
[1;31mfalse.[0m

24 ?- image(i1Sample,R1),image(i2Sample,R2),isDiff(R1,R2).
R1 = [[2, 2, 2, 2, 2, 2, 2, 2|...], [2, 8, 8, 8, 2, 2, 2|...], [2, 8, 8, 8, 2, 2|...], [2, 8, 8, 8, 2|...], [2, 2, 2, 2|...], [2, 2, 2|...], [2, 2|...], [2|...], [...|...]|...],
R2 = [[2, 2, 2, 2, 2, 2, 2, 2|...], [2, 2, 2, 2, 2, 2, 2|...], [2, 2, 2, 2, 2, 2|...], [2, 2, 2, 2, 2|...], [2, 2, 2, 2|...], [2, 2, 2|...], [2, 2|...], [2|...], [...|...]|...].

25 ?- rowmask([2, 8, 8, 8, 2, 2, 2, 2, 2],[2, 2, 2, 2, 2, 8, 8, 8, 2],
|    [0, -6, -6, -6, 0, 6, 6, 6, 0],I1MaskRow,I2MaskRow).
I1MaskRow = [0, 8, 8, 8, 0, 0, 0, 0, 0],
I2MaskRow = [0, 0, 0, 0, 0, 8, 8, 8, 0].


28 ?- rowmask([1,2,3],[3,2,1],[4,5,6],I1,I2).
I1 = [0, 0, 0],
I2 = [3, 2, 1].

29 ?-  image(i1Sample,R1),image(i2Sample,R2),diffIm(R1,R2,D),mask(R1,R2,D,I1mask,I2mask),
|    printImage(I1mask),printImage(I2mask).
000000000
088800000
088800000
088800000
000000000
000000000
000000000
000000000
000000000
000000000
000000000
000000000
000000000
000000000
000000000
000000000
000008880
000008880
000008880
000000000
R1 = [[2, 2, 2, 2, 2, 2, 2, 2|...], [2, 8, 8, 8, 2, 2, 2|...], [2, 8, 8, 8, 2, 2|...], [2, 8, 8, 8, 2|...], [2, 2, 2, 2|...], [2, 2, 2|...], [2, 2|...], [2|...], [...|...]|...],
R2 = [[2, 2, 2, 2, 2, 2, 2, 2|...], [2, 2, 2, 2, 2, 2, 2|...], [2, 2, 2, 2, 2, 2|...], [2, 2, 2, 2, 2|...], [2, 2, 2, 2|...], [2, 2, 2|...], [2, 2|...], [2|...], [...|...]|...],
D = [[0, 0, 0, 0, 0, 0, 0, 0|...], [0, -6, -6, -6, 0, 0, 0|...], [0, -6, -6, -6, 0, 0|...], [0, -6, -6, -6, 0|...], [0, 0, 0, 0|...], [0, 0, 0|...], [0, 0|...], [0|...], [...|...]|...],
I1mask = [[0, 0, 0, 0, 0, 0, 0, 0|...], [0, 8, 8, 8, 0, 0, 0|...], [0, 8, 8, 8, 0, 0|...], [0, 8, 8, 8, 0|...], [0, 0, 0, 0|...], [0, 0, 0|...], [0, 0|...], [0|...], [...|...]|...],
I2mask = [[0, 0, 0, 0, 0, 0, 0, 0|...], [0, 0, 0, 0, 0, 0, 0|...], [0, 0, 0, 0, 0, 0|...], [0, 0, 0, 0, 0|...], [0, 0, 0, 0|...], [0, 0, 0|...], [0, 0|...], [0|...], [...|...]|...].



33 ?- 
|    fnzRowEl([0,0,0,0,0,-1],I).
I = 6.

34 ?- fnzRowEl([0,0,1,0,0,-1],I).
I = 3 .[1m.[0m

35 ?- firstNonZero(+MaskedImage,-RowIndex,-ColIndex).
[1;31mfalse.[0m

36 ?- firstNonZero([[0,0,0],[0,0,0],[0,0,1]],R,C).
R = C, C = 3.

37 ?- firstNonZero([[0,0,0],[0,-1,0],[0,0,1]],R,C).
R = C, C = 2.

38 ?- motion([[0,0,0],[1,1,1],[0,0,0]],[[1,1,1],[0,0,0],[2,2,2]],I,J)
|    .




***** No Motion in This Case *****



[1mtrue.[0m

39 ?- motion([[0,0,0],[1,1,1],[0,0,0]],[[1,1,1],[0,0,0],[2,2,2]],I,J).




***** No Motion in This Case *****



[1mtrue.[0m

40 ?- motion([[5,4,3],[2,5,1],[0,3,2]],[[1,9,1],[0,0,0],[2,2,2]],I,J).
503
251
030
090
000
200
I = 0,
J = 1.

41 ?- halt.
